<?xml version='1.0' encoding='UTF-8'?>
<testsuite hostname="lanxuan-Legion-Y7000P-IRH8" name="lab0.ListsSuite" tests="10" errors="0" failures="3" skipped="7" time="0.003" timestamp="2025-10-25T15:14:45">
          <properties>
      <property name="java.specification.version" value="21"/><property name="sun.jnu.encoding" value="UTF-8"/><property name="sun.arch.data.model" value="64"/><property name="java.vendor.url" value="https://adoptium.net/"/><property name="sun.boot.library.path" value="/home/lanxuan/.cache/coursier/arc/https/github.com/adoptium/temurin21-binaries/releases/download/jdk-21.0.8%252B9/OpenJDK21U-jdk_x64_linux_hotspot_21.0.8_9.tar.gz/jdk-21.0.8+9/lib"/><property name="sun.java.command" value="/home/lanxuan/.cache/coursier/arc/https/github.com/sbt/sbt/releases/download/v1.11.6/sbt-1.11.6.zip/sbt/bin/sbt-launch.jar"/><property name="jdk.debug" value="release"/><property name="java.specification.vendor" value="Oracle Corporation"/><property name="java.version.date" value="2025-07-15"/><property name="java.home" value="/home/lanxuan/.cache/coursier/arc/https/github.com/adoptium/temurin21-binaries/releases/download/jdk-21.0.8%252B9/OpenJDK21U-jdk_x64_linux_hotspot_21.0.8_9.tar.gz/jdk-21.0.8+9"/><property name="file.separator" value="/"/><property name="java.vm.compressedOopsMode" value="32-bit"/><property name="line.separator" value="
"/><property name="java.vm.specification.vendor" value="Oracle Corporation"/><property name="java.specification.name" value="Java Platform API Specification"/><property name="sun.management.compiler" value="HotSpot 64-Bit Tiered Compilers"/><property name="java.runtime.version" value="21.0.8+9-LTS"/><property name="user.name" value="lanxuan"/><property name="log4j.ignoreTCL" value="true"/><property name="file.encoding" value="UTF-8"/><property name="jnidispatch.path" value="/home/lanxuan/.cache/JNA/temp/jna6558643596251618394.tmp"/><property name="java.vendor.version" value="Temurin-21.0.8+9"/><property name="jna.loaded" value="true"/><property name="java.io.tmpdir" value="/tmp"/><property name="java.version" value="21.0.8"/><property name="java.vm.specification.name" value="Java Virtual Machine Specification"/><property name="native.encoding" value="UTF-8"/><property name="java.library.path" value="/usr/java/packages/lib:/usr/lib64:/lib64:/lib:/usr/lib"/><property name="stderr.encoding" value="UTF-8"/><property name="java.vendor" value="Eclipse Adoptium"/><property name="scala.ext.dirs" value="/home/lanxuan/.sbt/1.0/java9-rt-ext-eclipse_adoptium_21_0_8"/><property name="sun.io.unicode.encoding" value="UnicodeLittle"/><property name="java.class.path" value="/home/lanxuan/.cache/coursier/arc/https/github.com/sbt/sbt/releases/download/v1.11.6/sbt-1.11.6.zip/sbt/bin/sbt-launch.jar"/><property name="java.vm.vendor" value="Eclipse Adoptium"/><property name="jline.shutdownhook" value="false"/><property name="user.timezone" value="Asia/Hong_Kong"/><property name="java.vm.specification.version" value="21"/><property name="os.name" value="Linux"/><property name="sun.java.launcher" value="SUN_STANDARD"/><property name="user.country" value="US"/><property name="sun.cpu.endian" value="little"/><property name="user.home" value="/home/lanxuan"/><property name="user.language" value="en"/><property name="sbt.script" value="/home/lanxuan/.cache/coursier/arc/https/github.com/sbt/sbt/releases/download/v1.11.6/sbt-1.11.6.zip/sbt/bin/sbt"/><property name="sbt.ipcsocket.tmpdir" value="/run/user/1000/.sbt5208e506/ipcsocket"/><property name="swoval.tmpdir" value="/run/user/1000/.sbt5208e506/swoval"/><property name="jline.esc.timeout" value="0"/><property name="stdout.encoding" value="UTF-8"/><property name="path.separator" value=":"/><property name="os.version" value="6.14.0-33-generic"/><property name="jna.nosys" value="true"/><property name="java.runtime.name" value="OpenJDK Runtime Environment"/><property name="java.vm.name" value="OpenJDK 64-Bit Server VM"/><property name="jna.platform.library.path" value="/usr/lib/x86_64-linux-gnu:/lib/x86_64-linux-gnu:/usr/lib64:/lib64:/usr/lib:/lib:/usr/lib/x86_64-linux-gnu/libfakeroot"/><property name="java.vendor.url.bug" value="https://github.com/adoptium/adoptium-support/issues"/><property name="user.dir" value="/home/lanxuan/hkust/ppl/lab0"/><property name="os.arch" value="amd64"/><property name="java.vm.info" value="mixed mode, sharing"/><property name="java.vm.version" value="21.0.8+9-LTS"/><property name="java.class.version" value="65.0"/>
    </properties>
          <testcase classname="lab0.ListsSuite" name="one plus one is two" time="0.0">
                      <skipped/>
                    </testcase><testcase classname="lab0.ListsSuite" name="one plus one is three?" time="0.0">
                      <skipped/>
                    </testcase><testcase classname="lab0.ListsSuite" name="details why one plus one is not three" time="0.0">
                      <skipped/>
                    </testcase><testcase classname="lab0.ListsSuite" name="intNotZero throws an exception if its argument is 0" time="0.0">
                      <skipped/>
                    </testcase><testcase classname="lab0.ListsSuite" name="sum of a few numbers" time="0.0">
                      <skipped/>
                    </testcase><testcase classname="lab0.ListsSuite" name="sum of negative numbers" time="0.0">
                      <skipped/>
                    </testcase><testcase classname="lab0.ListsSuite" name="sum of empty list" time="0.0">
                      <skipped/>
                    </testcase><testcase classname="lab0.ListsSuite" name="max of a few numbers" time="0.003">
                      <failure message="an implementation is missing" type="scala.NotImplementedError">scala.NotImplementedError: an implementation is missing
	at munit.FunSuite.assert(FunSuite.scala:11)
	at lab0.ListsSuite.$init$$$anonfun$8(ListsSuite.scala:114)
</failure>
                    </testcase><testcase classname="lab0.ListsSuite" name="max of negative numbers" time="0.0">
                      <failure message="an implementation is missing" type="scala.NotImplementedError">scala.NotImplementedError: an implementation is missing
	at scala.Predef$.$qmark$qmark$qmark(Predef.scala:344)
	at lab0.Lists$.max(Lists.scala:40)
	at lab0.ListsSuite.$init$$$anonfun$9(ListsSuite.scala:118)
</failure>
                    </testcase><testcase classname="lab0.ListsSuite" name="max of empty list" time="0.0">
                      <failure message="an implementation is missing" type="scala.NotImplementedError">scala.NotImplementedError: an implementation is missing
	at scala.Predef$.$qmark$qmark$qmark(Predef.scala:344)
	at lab0.Lists$.max(Lists.scala:40)
	at lab0.ListsSuite.$init$$$anonfun$10(ListsSuite.scala:122)
</failure>
                    </testcase>
          <system-out><![CDATA[]]></system-out>
          <system-err><![CDATA[]]></system-err>
        </testsuite>