<?xml version='1.0' encoding='UTF-8'?>
<testsuite hostname="lanxuan-Legion-Y7000P-IRH8" name="lab1.RecursionSuite" tests="12" errors="0" failures="0" skipped="0" time="0.009" timestamp="2025-09-24T23:25:32">
          <properties>
      <property name="java.specification.version" value="21"/><property name="sun.jnu.encoding" value="UTF-8"/><property name="sun.arch.data.model" value="64"/><property name="java.vendor.url" value="https://adoptium.net/"/><property name="sun.boot.library.path" value="/home/lanxuan/.cache/coursier/arc/https/github.com/adoptium/temurin21-binaries/releases/download/jdk-21.0.8%252B9/OpenJDK21U-jdk_x64_linux_hotspot_21.0.8_9.tar.gz/jdk-21.0.8+9/lib"/><property name="sun.java.command" value="/home/lanxuan/.cache/coursier/arc/https/github.com/sbt/sbt/releases/download/v1.11.6/sbt-1.11.6.zip/sbt/bin/sbt-launch.jar"/><property name="jdk.debug" value="release"/><property name="java.specification.vendor" value="Oracle Corporation"/><property name="java.version.date" value="2025-07-15"/><property name="java.home" value="/home/lanxuan/.cache/coursier/arc/https/github.com/adoptium/temurin21-binaries/releases/download/jdk-21.0.8%252B9/OpenJDK21U-jdk_x64_linux_hotspot_21.0.8_9.tar.gz/jdk-21.0.8+9"/><property name="file.separator" value="/"/><property name="java.vm.compressedOopsMode" value="32-bit"/><property name="line.separator" value="
"/><property name="java.vm.specification.vendor" value="Oracle Corporation"/><property name="java.specification.name" value="Java Platform API Specification"/><property name="sun.management.compiler" value="HotSpot 64-Bit Tiered Compilers"/><property name="java.runtime.version" value="21.0.8+9-LTS"/><property name="user.name" value="lanxuan"/><property name="log4j.ignoreTCL" value="true"/><property name="file.encoding" value="UTF-8"/><property name="jnidispatch.path" value="/home/lanxuan/.cache/JNA/temp/jna9512903439643300650.tmp"/><property name="java.vendor.version" value="Temurin-21.0.8+9"/><property name="jna.loaded" value="true"/><property name="java.io.tmpdir" value="/tmp"/><property name="java.version" value="21.0.8"/><property name="java.vm.specification.name" value="Java Virtual Machine Specification"/><property name="native.encoding" value="UTF-8"/><property name="java.library.path" value="/usr/java/packages/lib:/usr/lib64:/lib64:/lib:/usr/lib"/><property name="stderr.encoding" value="UTF-8"/><property name="java.vendor" value="Eclipse Adoptium"/><property name="scala.ext.dirs" value="/home/lanxuan/.sbt/1.0/java9-rt-ext-eclipse_adoptium_21_0_8"/><property name="sun.io.unicode.encoding" value="UnicodeLittle"/><property name="java.class.path" value="/home/lanxuan/.cache/coursier/arc/https/github.com/sbt/sbt/releases/download/v1.11.6/sbt-1.11.6.zip/sbt/bin/sbt-launch.jar"/><property name="java.vm.vendor" value="Eclipse Adoptium"/><property name="jline.shutdownhook" value="false"/><property name="user.timezone" value="Asia/Hong_Kong"/><property name="java.vm.specification.version" value="21"/><property name="os.name" value="Linux"/><property name="sun.java.launcher" value="SUN_STANDARD"/><property name="user.country" value="US"/><property name="sun.cpu.endian" value="little"/><property name="user.home" value="/home/lanxuan"/><property name="user.language" value="en"/><property name="sbt.script" value="/home/lanxuan/.cache/coursier/arc/https/github.com/sbt/sbt/releases/download/v1.11.6/sbt-1.11.6.zip/sbt/bin/sbt"/><property name="sbt.ipcsocket.tmpdir" value="/run/user/1000/.sbt5208e506/ipcsocket"/><property name="swoval.tmpdir" value="/run/user/1000/.sbt5208e506/swoval"/><property name="jline.esc.timeout" value="0"/><property name="stdout.encoding" value="UTF-8"/><property name="path.separator" value=":"/><property name="os.version" value="6.14.0-27-generic"/><property name="jna.nosys" value="true"/><property name="java.runtime.name" value="OpenJDK Runtime Environment"/><property name="java.vm.name" value="OpenJDK 64-Bit Server VM"/><property name="jna.platform.library.path" value="/usr/lib/x86_64-linux-gnu:/lib/x86_64-linux-gnu:/usr/lib64:/lib64:/usr/lib:/lib"/><property name="java.vendor.url.bug" value="https://github.com/adoptium/adoptium-support/issues"/><property name="user.dir" value="/home/lanxuan/hkust/ppl/lab1"/><property name="os.arch" value="amd64"/><property name="java.vm.info" value="mixed mode, sharing"/><property name="java.vm.version" value="21.0.8+9-LTS"/><property name="java.class.version" value="65.0"/>
    </properties>
          <testcase classname="lab1.RecursionSuite" name="balance: '(if (zero? x) max (/ 1 x))' is balanced" time="0.004">
                      
                    </testcase><testcase classname="lab1.RecursionSuite" name="balance: 'I told him ...' is balanced" time="0.001">
                      
                    </testcase><testcase classname="lab1.RecursionSuite" name="balance: ':-)' is unbalanced" time="0.0">
                      
                    </testcase><testcase classname="lab1.RecursionSuite" name="balance: counting is not enough" time="0.0">
                      
                    </testcase><testcase classname="lab1.RecursionSuite" name="countChange: example given in the guide" time="0.001">
                      
                    </testcase><testcase classname="lab1.RecursionSuite" name="countChange: sorted HKD" time="0.001">
                      
                    </testcase><testcase classname="lab1.RecursionSuite" name="countChange: no pennies" time="0.001">
                      
                    </testcase><testcase classname="lab1.RecursionSuite" name="countChange: unsorted HKD" time="0.001">
                      
                    </testcase><testcase classname="lab1.RecursionSuite" name="pascal: col=0,row=2" time="0.0">
                      
                    </testcase><testcase classname="lab1.RecursionSuite" name="pascal: col=1,row=2" time="0.0">
                      
                    </testcase><testcase classname="lab1.RecursionSuite" name="pascal: col=1,row=3" time="0.0">
                      
                    </testcase><testcase classname="lab1.RecursionSuite" name="pascal: col=3,row=8" time="0.0">
                      
                    </testcase>
          <system-out><![CDATA[]]></system-out>
          <system-err><![CDATA[]]></system-err>
        </testsuite>